[debug] [2023-08-28T08:08:43.343Z] ----------------------------------------------------------------------
[debug] [2023-08-28T08:08:43.345Z] Command:       C:\Program Files\nodejs\node.exe C:\Users\Biplob\AppData\Roaming\npm\node_modules\firebase-tools\lib\bin\firebase.js init
[debug] [2023-08-28T08:08:43.345Z] CLI Version:   12.4.6
[debug] [2023-08-28T08:08:43.345Z] Platform:      win32
[debug] [2023-08-28T08:08:43.345Z] Node Version:  v16.15.1
[debug] [2023-08-28T08:08:43.350Z] Time:          Mon Aug 28 2023 02:08:43 GMT-0600 (Central Standard Time)
[debug] [2023-08-28T08:08:43.350Z] ----------------------------------------------------------------------
[debug] 
[debug] [2023-08-28T08:08:43.357Z] > command requires scopes: ["email","openid","https://www.googleapis.com/auth/cloudplatformprojects.readonly","https://www.googleapis.com/auth/firebase","https://www.googleapis.com/auth/cloud-platform"]
[debug] [2023-08-28T08:08:43.357Z] > authorizing via signed-in user (mdbiplub13@gmail.com)
[info] 
     ######## #### ########  ######## ########     ###     ######  ########
     ##        ##  ##     ## ##       ##     ##  ##   ##  ##       ##
     ######    ##  ########  ######   ########  #########  ######  ######
     ##        ##  ##    ##  ##       ##     ## ##     ##       ## ##
     ##       #### ##     ## ######## ########  ##     ##  ######  ########

You're about to initialize a Firebase project in this directory:

  E:\projects\marn-full-projects\Flux_Car_Service

[info] 
=== Project Setup
[info] 
[info] First, let's associate this project directory with a Firebase project.
[info] You can create multiple project aliases by running firebase use --add, 
[info] but for now we'll just set up a default project.
[info] 
[debug] [2023-08-28T08:08:53.695Z] > refreshing access token with scopes: []
[debug] [2023-08-28T08:08:53.696Z] >>> [apiv2][query] POST https://www.googleapis.com/oauth2/v3/token [none]
[debug] [2023-08-28T08:08:53.697Z] >>> [apiv2][body] POST https://www.googleapis.com/oauth2/v3/token [omitted]
[debug] [2023-08-28T08:08:54.111Z] <<< [apiv2][status] POST https://www.googleapis.com/oauth2/v3/token 200
[debug] [2023-08-28T08:08:54.111Z] <<< [apiv2][body] POST https://www.googleapis.com/oauth2/v3/token [omitted]
[debug] [2023-08-28T08:08:54.119Z] >>> [apiv2][query] GET https://firebase.googleapis.com/v1beta1/projects pageSize=100
[debug] [2023-08-28T08:08:55.390Z] <<< [apiv2][status] GET https://firebase.googleapis.com/v1beta1/projects 200
[debug] [2023-08-28T08:08:55.390Z] <<< [apiv2][body] GET https://firebase.googleapis.com/v1beta1/projects [omitted]
[info] i  Using project flux-car (flux-car) 
[info] 
=== Hosting Setup
[info] 
[info] Your public directory is the folder (relative to your project directory) that
[info] will contain Hosting assets to be uploaded with firebase deploy. If you
[info] have a build process for your assets, use your build's output directory.
[info] 
